<?xml version="1.0" encoding="UTF-8"?>
<Site BuildName="(empty)"
	BuildStamp="20240605-0605-Experimental"
	Name="burakzdd"
	Generator="ctest-3.27.1"
	CompilerName="/usr/lib/ccache/c++"
	CompilerVersion="9.4.0"
	OSName="Linux"
	Hostname="burakzdd"
	OSRelease="5.15.0-92-generic"
	OSVersion="#102~20.04.1-Ubuntu SMP Mon Jan 15 13:09:14 UTC 2024"
	OSPlatform="x86_64"
	Is64Bits="1"
	VendorString="GenuineIntel"
	VendorID="Intel Corporation"
	FamilyID="6"
	ModelID="158"
	ProcessorCacheSize="12288"
	NumberOfLogicalCPU="12"
	NumberOfPhysicalCPU="6"
	TotalVirtualMemory="4882"
	TotalPhysicalMemory="7788"
	LogicalProcessorsPerPhysical="2"
	ProcessorClockFrequency="3806.38"
	>
	<Testing>
		<StartDateTime>Jun 05 20:45 +03</StartDateTime>
		<StartTestTime>1717609522</StartTestTime>
		<TestList/>
		<EndDateTime>Jun 05 20:45 +03</EndDateTime>
		<EndTestTime>1717609522</EndTestTime>
		<ElapsedMinutes>0</ElapsedMinutes>
	</Testing>
</Site>
